Package: burly
Fetcher: github
Source:  https://github.com/alphapapa/burly.el.git

Updating /mnt/store/melpa/working/burly/
Copying files (->) and directories (=>)
  from /mnt/store/melpa/working/burly/
  to /tmp/burlyeldZsC/burly-20201211.58
    burly.el -> burly.el
    burly.info -> burly.info
Created burly-20201211.58.tar containing:
  burly-20201211.58/
  burly-20201211.58/burly-pkg.el
  burly-20201211.58/burly.el
  burly-20201211.58/burly.info
  burly-20201211.58/dir
Built burly in 3.005s, finished at Mon Apr  5 16:41:37 2021
 ✓ Success:
4.0K -rw-r--r-- 1 root root  381 Apr  5 16:41 packages/burly-20201211.58.entry
 40K -rw-r--r-- 1 root root  40K Apr  5 16:41 packages/burly-20201211.58.tar
4.0K -rw-r--r-- 1 root root 1.2K Apr  5 16:41 packages/burly-badge.svg
4.0K -rw-r--r-- 1 root root 1.3K Apr  5 16:41 packages/burly-readme.txt
