Package: emms-player-simple-mpv
Fetcher: github
Source:  https://github.com/momomo5717/emms-player-simple-mpv.git

Updating /mnt/store/melpa/working/emms-player-simple-mpv/
Checking out origin/HEAD
Checking out 101d120ccdee1c2c213fd2f0423c858b21649c00
Copying files (->) and directories (=>)
  from /mnt/store/melpa/working/emms-player-simple-mpv/
  to /tmp/emms-player-simple-mpvTiCnWg/emms-player-simple-mpv-20180316.1549
    emms-player-simple-mpv-control-functions.el -> emms-player-simple-mpv-control-functions.el
    emms-player-simple-mpv-e.g.hydra.el -> emms-player-simple-mpv-e.g.hydra.el
    emms-player-simple-mpv-e.g.playlist-fname.el -> emms-player-simple-mpv-e.g.playlist-fname.el
    emms-player-simple-mpv-e.g.time-display.el -> emms-player-simple-mpv-e.g.time-display.el
    emms-player-simple-mpv-playlist-mode.el -> emms-player-simple-mpv-playlist-mode.el
    emms-player-simple-mpv.el -> emms-player-simple-mpv.el
Created emms-player-simple-mpv-20180316.1549.tar containing:
  emms-player-simple-mpv-20180316.1549/
  emms-player-simple-mpv-20180316.1549/emms-player-simple-mpv-control-functions.el
  emms-player-simple-mpv-20180316.1549/emms-player-simple-mpv-e.g.hydra.el
  emms-player-simple-mpv-20180316.1549/emms-player-simple-mpv-e.g.playlist-fname.el
  emms-player-simple-mpv-20180316.1549/emms-player-simple-mpv-e.g.time-display.el
  emms-player-simple-mpv-20180316.1549/emms-player-simple-mpv-pkg.el
  emms-player-simple-mpv-20180316.1549/emms-player-simple-mpv-playlist-mode.el
  emms-player-simple-mpv-20180316.1549/emms-player-simple-mpv.el
Built emms-player-simple-mpv in 4.562s, finished at 2021-10-22T15:21:49+0000
 ✓ Success:
4.0K -rw-r--r-- 1 root root  417 Oct 22 15:21 packages/emms-player-simple-mpv-20180316.1549.entry
100K -rw-r--r-- 1 root root 100K Oct 22 15:21 packages/emms-player-simple-mpv-20180316.1549.tar
4.0K -rw-r--r-- 1 root root 1.2K Oct 22 15:21 packages/emms-player-simple-mpv-badge.svg
4.0K -rw-r--r-- 1 root root 1.8K Oct 22 15:21 packages/emms-player-simple-mpv-readme.txt
