Package: epc
Fetcher: github
Source:  https://github.com/kiwanami/emacs-epc.git

Updating /mnt/store/melpa/working/epc/
Checking out origin/HEAD
Checking out e1bfa5ca163273859336e3cc89b4b6460f7f8cda
Copying files (->) and directories (=>)
  from /mnt/store/melpa/working/epc/
  to /tmp/epc3HhGHv/epc-20140610.534
    epc.el -> epc.el
    epcs.el -> epcs.el
Created epc-20140610.534.tar containing:
  epc-20140610.534/
  epc-20140610.534/epc-pkg.el
  epc-20140610.534/epc.el
  epc-20140610.534/epcs.el
Built epc in 5.290s, finished at 2021-10-22T15:22:14+0000
 ✓ Success:
4.0K -rw-r--r-- 1 root root  413 Oct 22 15:22 packages/epc-20140610.534.entry
 52K -rw-r--r-- 1 root root  50K Oct 22 15:22 packages/epc-20140610.534.tar
4.0K -rw-r--r-- 1 root root 1.2K Oct 22 15:22 packages/epc-badge.svg
4.0K -rw-r--r-- 1 root root  382 Oct 22 15:22 packages/epc-readme.txt
