Package: eping
Fetcher: github
Source:  https://github.com/sean-hut/eping.git

Updating /mnt/store/melpa/working/eping/
Checking out origin/HEAD
Checking out 99d3a4b6973d5b09864e0af7425a61f99c19b90a
Copying files (->) and directories (=>)
  from /mnt/store/melpa/working/eping/
  to /tmp/epingF3LhqW/eping-20201027.2149
    eping.el -> eping.el
    eping.info -> eping.info
    eping.texinfo -> eping.texinfo
Created eping-20201027.2149.tar containing:
  eping-20201027.2149/
  eping-20201027.2149/dir
  eping-20201027.2149/eping-pkg.el
  eping-20201027.2149/eping.el
  eping-20201027.2149/eping.info
Built eping in 4.997s, finished at 2021-10-22T15:22:20+0000
 ✓ Success:
4.0K -rw-r--r-- 1 root root  379 Oct 22 15:22 packages/eping-20201027.2149.entry
 20K -rw-r--r-- 1 root root  20K Oct 22 15:22 packages/eping-20201027.2149.tar
4.0K -rw-r--r-- 1 root root 1.2K Oct 22 15:22 packages/eping-badge.svg
4.0K -rw-r--r-- 1 root root  143 Oct 22 15:22 packages/eping-readme.txt
