Package: ereader
Fetcher: github
Source:  https://github.com/bddean/emacs-ereader.git

Updating /mnt/store/melpa/working/ereader/
Checking out origin/HEAD
Checking out f3bbd3f13195f8fba3e3c880aab0e4c60430dcf3
Copying files (->) and directories (=>)
  from /mnt/store/melpa/working/ereader/
  to /tmp/ereaderVO6oi6/ereader-20170810.501
    ereader.el -> ereader.el
    org-ebook.el -> org-ebook.el
Created ereader-20170810.501.tar containing:
  ereader-20170810.501/
  ereader-20170810.501/ereader-pkg.el
  ereader-20170810.501/ereader.el
  ereader-20170810.501/org-ebook.el
Built ereader in 5.066s, finished at 2021-10-22T15:22:46+0000
 ✓ Success:
4.0K -rw-r--r-- 1 root root  450 Oct 22 15:22 packages/ereader-20170810.501.entry
 32K -rw-r--r-- 1 root root  30K Oct 22 15:22 packages/ereader-20170810.501.tar
4.0K -rw-r--r-- 1 root root 1.2K Oct 22 15:22 packages/ereader-badge.svg
4.0K -rw-r--r-- 1 root root   38 Oct 22 15:22 packages/ereader-readme.txt
