Package: evalator-clojure
Fetcher: github
Source:  https://github.com/seanirby/evalator-clojure.git

Updating /mnt/store/melpa/working/evalator-clojure/
Copying files (->) and directories (=>)
  from /mnt/store/melpa/working/evalator-clojure/
  to /tmp/evalator-clojureCuE8Fl/evalator-clojure-20160208.2148
    evalator-clojure.el -> evalator-clojure.el
    evalator-clojure.clj -> evalator-clojure.clj
Created evalator-clojure-20160208.2148.tar containing:
  evalator-clojure-20160208.2148/
  evalator-clojure-20160208.2148/evalator-clojure-pkg.el
  evalator-clojure-20160208.2148/evalator-clojure.clj
  evalator-clojure-20160208.2148/evalator-clojure.el
Built evalator-clojure in 3.885s, finished at Mon Apr  5 16:53:08 2021
 ✓ Success:
4.0K -rw-r--r-- 1 root root  446 Apr  5 16:53 packages/evalator-clojure-20160208.2148.entry
 20K -rw-r--r-- 1 root root  20K Apr  5 16:53 packages/evalator-clojure-20160208.2148.tar
4.0K -rw-r--r-- 1 root root 1.2K Apr  5 16:53 packages/evalator-clojure-badge.svg
4.0K -rw-r--r-- 1 root root  535 Apr  5 16:53 packages/evalator-clojure-readme.txt
