Package: feather
Fetcher: github
Source:  https://github.com/conao3/feather.el.git

Updating /mnt/store/melpa/working/feather/
Copying files (->) and directories (=>)
  from /mnt/store/melpa/working/feather/
  to /tmp/featherVBarZ3/feather-20200321.1237
    feather-dashboard.el -> feather-dashboard.el
    feather.el -> feather.el
Created feather-20200321.1237.tar containing:
  feather-20200321.1237/
  feather-20200321.1237/feather-dashboard.el
  feather-20200321.1237/feather-pkg.el
  feather-20200321.1237/feather.el
Built feather in 2.653s, finished at Mon Apr  5 16:55:06 2021
 ✓ Success:
4.0K -rw-r--r-- 1 root root  482 Apr  5 16:55 packages/feather-20200321.1237.entry
 40K -rw-r--r-- 1 root root  40K Apr  5 16:55 packages/feather-20200321.1237.tar
4.0K -rw-r--r-- 1 root root 1.2K Apr  5 16:55 packages/feather-badge.svg
4.0K -rw-r--r-- 1 root root   46 Apr  5 16:55 packages/feather-readme.txt
