Package: js-codemod
Fetcher: github
Source:  https://github.com/torgeir/js-codemod.el.git

Updating /mnt/store/melpa/working/js-codemod/
Copying files (->) and directories (=>)
  from /mnt/store/melpa/working/js-codemod/
  to /tmp/js-codemodlsCufE/js-codemod-20190921.941
    js-codemod.el -> js-codemod.el
    replace -> replace
Created js-codemod-20190921.941.tar containing:
  js-codemod-20190921.941/
  js-codemod-20190921.941/js-codemod-pkg.el
  js-codemod-20190921.941/js-codemod.el
  js-codemod-20190921.941/replace
Built js-codemod in 3.740s, finished at Mon Apr  5 16:04:48 2021
 ✓ Success:
4.0K -rw-r--r-- 1 root root  361 Apr  5 16:04 packages/js-codemod-20190921.941.entry
 12K -rw-r--r-- 1 root root  10K Apr  5 16:04 packages/js-codemod-20190921.941.tar
4.0K -rw-r--r-- 1 root root 1.2K Apr  5 16:04 packages/js-codemod-badge.svg
4.0K -rw-r--r-- 1 root root   56 Apr  5 16:04 packages/js-codemod-readme.txt
