Package: ob-coffee
Fetcher: github
Source:  https://github.com/zweifisch/ob-coffee.git

Updating /mnt/store/melpa/working/ob-coffee/
Copying files (->) and directories (=>)
  from /mnt/store/melpa/working/ob-coffee/
  to /tmp/ob-coffeebqj1M2/ob-coffee-20170725.1424
    ob-coffee.el -> ob-coffee.el
    repl.js -> repl.js
Created ob-coffee-20170725.1424.tar containing:
  ob-coffee-20170725.1424/
  ob-coffee-20170725.1424/ob-coffee-pkg.el
  ob-coffee-20170725.1424/ob-coffee.el
  ob-coffee-20170725.1424/repl.js
Built ob-coffee in 2.895s, finished at Mon Apr  5 16:13:24 2021
 ✓ Success:
4.0K -rw-r--r-- 1 root root  403 Apr  5 16:13 packages/ob-coffee-20170725.1424.entry
 12K -rw-r--r-- 1 root root  10K Apr  5 16:13 packages/ob-coffee-20170725.1424.tar
4.0K -rw-r--r-- 1 root root 1.2K Apr  5 16:13 packages/ob-coffee-badge.svg
4.0K -rw-r--r-- 1 root root   50 Apr  5 16:13 packages/ob-coffee-readme.txt
