Package: octopress
Fetcher: github
Source:  https://github.com/aaronbieber/octopress.el.git

Updating /mnt/store/melpa/working/octopress/
Copying files (->) and directories (=>)
  from /mnt/store/melpa/working/octopress/
  to /tmp/octopressKsrOpw/octopress-20190123.107
    octopress.el -> octopress.el
    octopress.texi -> octopress.texi
Created /tmp/octopressKsrOpw/octopress-20190123.107/octopress.info
Created octopress-20190123.107.tar containing:
  octopress-20190123.107/
  octopress-20190123.107/dir
  octopress-20190123.107/octopress-pkg.el
  octopress-20190123.107/octopress.el
  octopress-20190123.107/octopress.info
Built octopress in 6.549s, finished at Mon Apr  5 16:14:03 2021
 ✓ Success:
4.0K -rw-r--r-- 1 root root  386 Apr  5 16:14 packages/octopress-20190123.107.entry
 72K -rw-r--r-- 1 root root  70K Apr  5 16:14 packages/octopress-20190123.107.tar
4.0K -rw-r--r-- 1 root root 1.2K Apr  5 16:14 packages/octopress-badge.svg
4.0K -rw-r--r-- 1 root root 1.2K Apr  5 16:14 packages/octopress-readme.txt
