Package: sesman
Fetcher: github
Source:  https://github.com/vspinu/sesman.git

Updating /mnt/store/melpa/working/sesman/
Copying files (->) and directories (=>)
  from /mnt/store/melpa/working/sesman/
  to /tmp/sesmanXIHJ5B/sesman-20190909.1754
    sesman-browser.el -> sesman-browser.el
    sesman.el -> sesman.el
Created sesman-20190909.1754.tar containing:
  sesman-20190909.1754/
  sesman-20190909.1754/sesman-browser.el
  sesman-20190909.1754/sesman-pkg.el
  sesman-20190909.1754/sesman.el
Built sesman in 3.853s, finished at Mon Apr  5 16:25:14 2021
 ✓ Success:
4.0K -rw-r--r-- 1 root root  283 Apr  5 16:25 packages/sesman-20190909.1754.entry
 72K -rw-r--r-- 1 root root  70K Apr  5 16:25 packages/sesman-20190909.1754.tar
4.0K -rw-r--r-- 1 root root 1.2K Apr  5 16:25 packages/sesman-badge.svg
4.0K -rw-r--r-- 1 root root  258 Apr  5 16:25 packages/sesman-readme.txt
