Package: srfi
Fetcher: github
Source:  https://github.com/srfi-explorations/emacs-srfi.git

Updating /mnt/store/melpa/working/srfi/
Copying files (->) and directories (=>)
  from /mnt/store/melpa/working/srfi/
  to /tmp/srfi8VoqEC/srfi-20210325.445
    srfi-data.el -> srfi-data.el
    srfi.el -> srfi.el
Created srfi-20210325.445.tar containing:
  srfi-20210325.445/
  srfi-20210325.445/srfi-data.el
  srfi-20210325.445/srfi-pkg.el
  srfi-20210325.445/srfi.el
Built srfi in 3.263s, finished at Mon Apr  5 16:28:25 2021
 ✓ Success:
4.0K -rw-r--r-- 1 root root  371 Apr  5 16:28 packages/srfi-20210325.445.entry
 32K -rw-r--r-- 1 root root  30K Apr  5 16:28 packages/srfi-20210325.445.tar
4.0K -rw-r--r-- 1 root root 1.2K Apr  5 16:28 packages/srfi-badge.svg
4.0K -rw-r--r-- 1 root root  635 Apr  5 16:28 packages/srfi-readme.txt
