Package: tomatinho
Fetcher: github
Source:  https://github.com/konr/tomatinho.git

Updating /mnt/store/melpa/working/tomatinho/
Copying files (->) and directories (=>)
  from /mnt/store/melpa/working/tomatinho/
  to /tmp/tomatinho4z1B4t/tomatinho-20180621.1748
    tomatinho.el -> tomatinho.el
    tick.wav -> tick.wav
    tack.wav -> tack.wav
Created tomatinho-20180621.1748.tar containing:
  tomatinho-20180621.1748/
  tomatinho-20180621.1748/tack.wav
  tomatinho-20180621.1748/tick.wav
  tomatinho-20180621.1748/tomatinho-pkg.el
  tomatinho-20180621.1748/tomatinho.el
Built tomatinho in 3.041s, finished at Mon Apr  5 16:30:50 2021
 ✓ Success:
4.0K -rw-r--r-- 1 root root  350 Apr  5 16:30 packages/tomatinho-20180621.1748.entry
 40K -rw-r--r-- 1 root root  40K Apr  5 16:30 packages/tomatinho-20180621.1748.tar
4.0K -rw-r--r-- 1 root root 1.2K Apr  5 16:30 packages/tomatinho-badge.svg
4.0K -rw-r--r-- 1 root root  236 Apr  5 16:30 packages/tomatinho-readme.txt
